INFO:__main__:
=== Problem 5: UDF Performance ===
INFO:__main__:
Bad approach - using UDF instead of spark built-in function:
+---+-----+----------+
| id|value|double_udf|
+---+-----+----------+
|  0|    4|         8|
|  1|    8|        16|
|  2|    5|        10|
|  3|    9|        18|
|  4|    6|        12|
|  5|    6|        12|
|  6|    7|        14|
|  7|    8|        16|
|  8|    1|         2|
|  9|    1|         2|
| 10|    7|        14|
| 11|    7|        14|
| 12|    3|         6|
| 13|    3|         6|
| 14|    1|         2|
| 15|    6|        12|
| 16|    4|         8|
| 17|    5|        10|
| 18|    6|        12|
| 19|    7|        14|
+---+-----+----------+
only showing top 20 rows

INFO:__main__:
Issue Time taken: 3.55 seconds
INFO:__main__:
Solution - optimal shuffle partitions:
+---+-----+--------------+
| id|value|double_builtin|
+---+-----+--------------+
|  0|    4|             8|
|  1|    8|            16|
|  2|    5|            10|
|  3|    9|            18|
|  4|    6|            12|
|  5|    6|            12|
|  6|    7|            14|
|  7|    8|            16|
|  8|    1|             2|
|  9|    1|             2|
| 10|    7|            14|
| 11|    7|            14|
| 12|    3|             6|
| 13|    3|             6|
| 14|    1|             2|
| 15|    6|            12|
| 16|    4|             8|
| 17|    5|            10|
| 18|    6|            12|
| 19|    7|            14|
+---+-----+--------------+
only showing top 20 rows

INFO:__main__:
Solution Time taken: 0.20 seconds
INFO:__main__:
=== End of Problem 5: UDF Performance ===
